-------------------------------------------------------------------------------
Test set: com.eatza.order.OrderingserviceApplicationTests
-------------------------------------------------------------------------------
Tests run: 1, Failures: 0, Errors: 1, Skipped: 0, Time elapsed: 0 s <<< FAILURE! - in com.eatza.order.OrderingserviceApplicationTests
initializationError(com.eatza.order.OrderingserviceApplicationTests)  Time elapsed: 0 s  <<< ERROR!
java.lang.Exception: No runnable methods

